id=MLA863267784,title=Monitor Dell P2018h Led 19.5  Negro 100v/240v,category_id=MLA14407,name=Monitores
id=MLA884736096,title=Router Cisco Rv Series Rv340  Negro 100v/240v 1 Unidad,category_id=MLA430901,name=Routers
id=MLA740540307,title=Servidor Poweredge Dell T40 Xeon E3-1225 8gb 1tb Hd Free Dos,category_id=MLA1649,name=PC
id=MLA870125549,title=Notebook Laptop Dell Inspiron I5 16g 256ssd + 1tb Ubuntu Ram,category_id=MLA1652,name=Notebooks
id=MLA679000346,title=Ups Apc 800va 4t Estabilizador Y Protector De Tension Gtia Oficial 2 Años Simil Ideal Para Uso Gamer,category_id=MLA1720,name=UPS
id=MLA609116302,title=Ups Apc 1500va Con Ahorro De Energa Estabilizador Y Protector De Tension Gtia Oficial Ideal Para Uso Gamer,category_id=MLA1720,name=UPS
id=MLA665986505,title=Servidor Dell T140 Xeon E3-2124 16gb 2tb Reemplazo T130,category_id=MLA1649,name=PC
id=MLA870125306,title=Notebook Laptop Dell Inspiron I5 32g 256ssd + 480ssd Ubuntu,category_id=MLA1652,name=Notebooks
id=MLA696010061,title=Ups Apc Src1ki-ar 1000va Online Tower Src1ki Gtia 2 Años,category_id=MLA1720,name=UPS
id=MLA723894205,title=Router Cisco Dual Wan Vpn Firewall Rv340-k9 Oferta Gtia Oficial - Factura A Y B,category_id=MLA430901,name=Routers
id=MLA685442693,title=Switch Cisco 24 Puertos Gigabit Rack 10/100/1000,category_id=MLA1708,name=Switches
id=MLA814217735,title=Servidor Dell T140 Xeon E3-2124 32gb 4tb Reemplazo T130,category_id=MLA1649,name=PC
id=MLA677346308,title=Notebook Laptop Dell Inspiron I3 8gb 1tb 14 Ubuntu Teclado Con Ñ Gtia De Tienda Oficial - Factura A Y B Ram,category_id=MLA1652,name=Notebooks
id=MLA701423768,title=Switch Cisco 8 Puertos Port 10/100/1000 Giga Sg100 Oferta Para Hogar Y Empresa - Garantia Oficial - Factura A Y B,category_id=MLA1708,name=Switches
id=MLA614270271,title=Estabilizador Ups Apc 900va Con Garantia Oficial Para Tv, Play, Equipos De Audio Y Pc Con Ahorro De Energia,category_id=MLA1720,name=UPS
id=MLA800415301,title=Servidor Dell T140 Xeon E3-2124 16gb 2tb Reemplazo T130,category_id=MLA1649,name=PC
id=MLA663213659,title=Notebook Laptop Dell Vostro I5 8gb 1tb 14 Win 10pro Teclado Con Ñ Gtia De Tienda Oficial - Factura A / B,category_id=MLA1652,name=Notebooks
id=MLA619999038,title=Ups Apc 550va 3 Tomas Gtia Oficial 2 Años Estabilizador Y Protector De Tension Con Ahorro De Energia,category_id=MLA1720,name=UPS
id=MLA696009826,title=Ups Apc 1000va Online Tower Gtia 2 Años,category_id=MLA1720,name=UPS
id=MLA901188774,title=Notebook Dell Latitude I7 3510 32gb 256ssd + 480ssd Gf W10p,category_id=MLA1652,name=Notebooks
id=MLA795525764,title=Ups Apc Easy Bv650i-ar 650va Gtia Oficial 2 Años Bv650,category_id=MLA1720,name=UPS
id=MLA604049998,title=Ups Apc Easy Bv650i-ar 650va Gtia Oficial 2 Años Bv650,category_id=MLA1720,name=UPS
id=MLA604317175,title=Ups Apc 800va 6 Tomas Estabilizador Y Protector De Tension Gtia Oficial De 2 Años Para Gamer Bx800 Para Tv, Play,category_id=MLA1720,name=UPS
id=MLA680918722,title=Notebook Dell Inspiron I5 16gb 256ssd Win 10 Gforce Oferta,category_id=MLA1652,name=Notebooks
id=MLA685428555,title=Switch Cisco 16 Puertos Port 10/100/1000 Rack (ex Sg100-16) Para Hogar Y Empresa - Garantia Oficial - Factura A Y B,category_id=MLA1708,name=Switches
id=MLA711874339,title=Ups Apc Bx1100ci 1100va 6 Tomas Estabilizador Y Protector De Tension Gtia Oficial Para Pc Gamer Con Ahorro De Energia,category_id=MLA1720,name=UPS
id=MLA901150550,title=Notebook Dell Latitude I7 3510 16gb 256ssd Geforce W10 Pro,category_id=MLA1652,name=Notebooks
id=MLA675284743,title=Router Cisco Rv160-k9-ar Cisco Rv160 Vpn Smb,category_id=MLA430901,name=Routers
id=MLA609714710,title=Ups Apc 900va Back-ups 6 Tomas Estabilizador Y Protector De Tension Gtia Oficial 2años Br900 Para Tv, Play, Pc,category_id=MLA1720,name=UPS
id=MLA685442543,title=Switch Cisco Sg110-24 24 Puertos Gigabit Rack (ex. Sg100-24),category_id=MLA1708,name=Switches
id=MLA837839027,title=Notebook Laptop Dell I7 10g 32g 256ssd + 480ssd W10 Gforce,category_id=MLA1652,name=Notebooks
id=MLA791968195,title=Escaner Kodak S2040 Alta Velocidad 600dpi Duplex 5000 X Dia,category_id=MLA72721,name=Scanners
id=MLA609550688,title=Ups Apc Easy 500va Estabilizador Y Protector De Tension Con Ahorro De Energia Gtia Oficial 2 Años,category_id=MLA1720,name=UPS
id=MLA608914689,title=Ups Apc Br1200g Ar 1200va Estabilizador Br1200 Gtia 2 Años,category_id=MLA1720,name=UPS
id=MLA835614791,title=Sf250-48-k9-ar Switch 48p Cisco Sf250-48 10/100 Rack,category_id=MLA1708,name=Switches
id=MLA837842655,title=Notebook Dell Inspiron I7 256ssd 32gb 15.6 W10 Gforce Oferta,category_id=MLA1652,name=Notebooks
id=MLA850689892,title=Notebook Dell Inspiron I5 256ssd + 240ssd 16gb W10,category_id=MLA1652,name=Notebooks
id=MLA838039921,title=Ups Apc Bv800i-ar 800v 4t Estabilizador Pc Gamer Simil Bx800,category_id=MLA1720,name=UPS
id=MLA767806488,title=Switch 24p Cisco Sg350-28p Poe 10/100/1000 Sg350-28p-k,category_id=MLA1708,name=Switches
id=MLA609714711,title=Ups Apc Back-ups Pro 550va 230 Estabilizador Y Protector De Tensión Con Ahorro De Energia Gtia Oficial Br550,category_id=MLA1720,name=UPS
id=MLA833393643,title=Notebook Laptop Dell Inspiron I5 10g 8g 256gb Ubuntu Oferta,category_id=MLA1652,name=Notebooks
id=MLA838574798,title=Notebook Dell Inspiron I5 256ssd 8gb 15.6 Win10,category_id=MLA1652,name=Notebooks
id=MLA614270244,title=Ups Apc 1000va Para Pc Gamer Simil Bx1100 Bv1000i-ar Estabilizador Y Protector De Tension Gtia Oficial 2 Años,category_id=MLA1720,name=UPS
id=MLA820063375,title=Switch Cisco Sb Sg110-24hp 24p Poe No Adm,category_id=MLA1708,name=Switches
id=MLA763803562,title=Switch 24p Cisco Sg550x-24 Giga Stackable Sg550x-,category_id=MLA1708,name=Switches
id=MLA659248541,title=Monitor Gamer Hd Dell Led Profesional 20 Dp Vertical,category_id=MLA14407,name=Monitores
id=MLA754689964,title=Router Cisco Rv340w Dual Wan Vpn Firewall Rv340w-k9,category_id=MLA430901,name=Routers
id=MLA837840043,title=Notebook Laptop Dell I7 10g 32g 256ssd + 1t W10 Gf Cuotas,category_id=MLA1652,name=Notebooks
id=MLA723894918,title=Router 16 Puertos Cisco Rv345-k9 Dual Wan Giga Vpn 16p Rv345,category_id=MLA430901,name=Routers
id=MLA714545399,title=Switch Cisco Semi Admin 24 Puertos 10/100 2 Giga Sf220-24-k9,category_id=MLA1708,name=Switches
